-------------------------------------------------------------------------------
Test set: com.example.demo.Semjr1ApplicationTests
-------------------------------------------------------------------------------
Tests run: 1, Failures: 0, Errors: 1, Skipped: 0, Time elapsed: 2.188 s <<< FAILURE! - in com.example.demo.Semjr1ApplicationTests
contextLoads  Time elapsed: 0.004 s  <<< ERROR!
java.lang.IllegalStateException: Failed to load ApplicationContext
Caused by: org.springframework.beans.factory.UnsatisfiedDependencyException: Error creating bean with name 'userController': Unsatisfied dependency expressed through field 'usersServiceImpl'; nested exception is org.springframework.beans.factory.UnsatisfiedDependencyException: Error creating bean with name 'userServiceimpl': Unsatisfied dependency expressed through field 'userRepository'; nested exception is org.springframework.beans.factory.BeanCreationException: Error creating bean with name 'userRepository' defined in com.example.demo.repository.UserRepository defined in @EnableJpaRepositories declared on JpaRepositoriesRegistrar.EnableJpaRepositoriesConfiguration: Invocation of init method failed; nested exception is org.springframework.data.repository.query.QueryCreationException: Could not create query for public abstract java.util.ArrayList com.example.demo.repository.UserRepository.findByPatente(java.lang.String)! Reason: Failed to create query for method public abstract java.util.ArrayList com.example.demo.repository.UserRepository.findByPatente(java.lang.String)! No property patente found for type User!; nested exception is java.lang.IllegalArgumentException: Failed to create query for method public abstract java.util.ArrayList com.example.demo.repository.UserRepository.findByPatente(java.lang.String)! No property patente found for type User!
Caused by: org.springframework.beans.factory.UnsatisfiedDependencyException: Error creating bean with name 'userServiceimpl': Unsatisfied dependency expressed through field 'userRepository'; nested exception is org.springframework.beans.factory.BeanCreationException: Error creating bean with name 'userRepository' defined in com.example.demo.repository.UserRepository defined in @EnableJpaRepositories declared on JpaRepositoriesRegistrar.EnableJpaRepositoriesConfiguration: Invocation of init method failed; nested exception is org.springframework.data.repository.query.QueryCreationException: Could not create query for public abstract java.util.ArrayList com.example.demo.repository.UserRepository.findByPatente(java.lang.String)! Reason: Failed to create query for method public abstract java.util.ArrayList com.example.demo.repository.UserRepository.findByPatente(java.lang.String)! No property patente found for type User!; nested exception is java.lang.IllegalArgumentException: Failed to create query for method public abstract java.util.ArrayList com.example.demo.repository.UserRepository.findByPatente(java.lang.String)! No property patente found for type User!
Caused by: org.springframework.beans.factory.BeanCreationException: Error creating bean with name 'userRepository' defined in com.example.demo.repository.UserRepository defined in @EnableJpaRepositories declared on JpaRepositoriesRegistrar.EnableJpaRepositoriesConfiguration: Invocation of init method failed; nested exception is org.springframework.data.repository.query.QueryCreationException: Could not create query for public abstract java.util.ArrayList com.example.demo.repository.UserRepository.findByPatente(java.lang.String)! Reason: Failed to create query for method public abstract java.util.ArrayList com.example.demo.repository.UserRepository.findByPatente(java.lang.String)! No property patente found for type User!; nested exception is java.lang.IllegalArgumentException: Failed to create query for method public abstract java.util.ArrayList com.example.demo.repository.UserRepository.findByPatente(java.lang.String)! No property patente found for type User!
Caused by: org.springframework.data.repository.query.QueryCreationException: Could not create query for public abstract java.util.ArrayList com.example.demo.repository.UserRepository.findByPatente(java.lang.String)! Reason: Failed to create query for method public abstract java.util.ArrayList com.example.demo.repository.UserRepository.findByPatente(java.lang.String)! No property patente found for type User!; nested exception is java.lang.IllegalArgumentException: Failed to create query for method public abstract java.util.ArrayList com.example.demo.repository.UserRepository.findByPatente(java.lang.String)! No property patente found for type User!
Caused by: java.lang.IllegalArgumentException: Failed to create query for method public abstract java.util.ArrayList com.example.demo.repository.UserRepository.findByPatente(java.lang.String)! No property patente found for type User!
Caused by: org.springframework.data.mapping.PropertyReferenceException: No property patente found for type User!

